0 info it worked if it ends with ok
1 verbose cli [ 'node', '/usr/bin/npm', 'install' ]
2 info using npm@3.7.3
3 info using node@v0.12.9
4 verbose node symlink /usr/bin/node
5 silly loadCurrentTree Starting
6 silly install loadCurrentTree
7 silly install readLocalPackageData
8 silly install normalizeTree
9 silly loadCurrentTree Finishing
10 silly loadIdealTree Starting
11 silly install loadIdealTree
12 silly cloneCurrentTree Starting
13 silly install cloneCurrentTreeToIdealTree
14 silly cloneCurrentTree Finishing
15 silly loadShrinkwrap Starting
16 silly install loadShrinkwrap
17 silly loadShrinkwrap Finishing
18 silly loadAllDepsIntoIdealTree Starting
19 silly install loadAllDepsIntoIdealTree
20 silly fetchNamedPackageData diagram-js
21 silly mapToRegistry name diagram-js
22 silly mapToRegistry using default registry
23 silly mapToRegistry registry https://registry.npmjs.org/
24 silly mapToRegistry uri https://registry.npmjs.org/diagram-js
25 silly fetchOtherPackageData bpmn-js@github:davcs86/bpmn-js#i18n-local
26 silly cache add args [ 'bpmn-js@github:davcs86/bpmn-js#i18n-local', null ]
27 verbose cache add spec bpmn-js@github:davcs86/bpmn-js#i18n-local
28 silly fetchOtherPackageData bpmn-js-properties-panel@github:davcs86/bpmn-js-properties-panel#dev
29 silly cache add args [ 'bpmn-js-properties-panel@github:davcs86/bpmn-js-properties-panel#dev',
29 silly cache add   null ]
30 verbose cache add spec bpmn-js-properties-panel@github:davcs86/bpmn-js-properties-panel#dev
31 silly cache add parsed spec { raw: 'bpmn-js@github:davcs86/bpmn-js#i18n-local',
31 silly cache add   scope: null,
31 silly cache add   name: 'bpmn-js',
31 silly cache add   rawSpec: 'github:davcs86/bpmn-js#i18n-local',
31 silly cache add   spec: 'github:davcs86/bpmn-js#i18n-local',
31 silly cache add   type: 'hosted',
31 silly cache add   hosted:
31 silly cache add    { type: 'github',
31 silly cache add      ssh: 'git@github.com:davcs86/bpmn-js.git#i18n-local',
31 silly cache add      sshUrl: 'git+ssh://git@github.com/davcs86/bpmn-js.git#i18n-local',
31 silly cache add      httpsUrl: 'git+https://github.com/davcs86/bpmn-js.git#i18n-local',
31 silly cache add      gitUrl: 'git://github.com/davcs86/bpmn-js.git#i18n-local',
31 silly cache add      shortcut: 'github:davcs86/bpmn-js#i18n-local',
31 silly cache add      directUrl: 'https://raw.githubusercontent.com/davcs86/bpmn-js/i18n-local/package.json' } }
32 verbose addRemoteGit caching github:davcs86/bpmn-js#i18n-local
33 verbose addRemoteGit davcs86/bpmn-js#i18n-local is a repository hosted by github
34 silly tryGitProto attempting to clone git://github.com/davcs86/bpmn-js.git#i18n-local
35 silly tryClone cloning davcs86/bpmn-js#i18n-local via git://github.com/davcs86/bpmn-js.git#i18n-local
36 verbose tryClone git-github-com-davcs86-bpmn-js-git-i18n-local-2c09e1b7 not in flight; caching
37 verbose correctMkdir /root/.npm/_git-remotes correctMkdir not in flight; initializing
38 silly cache add parsed spec { raw: 'bpmn-js-properties-panel@github:davcs86/bpmn-js-properties-panel#dev',
38 silly cache add   scope: null,
38 silly cache add   name: 'bpmn-js-properties-panel',
38 silly cache add   rawSpec: 'github:davcs86/bpmn-js-properties-panel#dev',
38 silly cache add   spec: 'github:davcs86/bpmn-js-properties-panel#dev',
38 silly cache add   type: 'hosted',
38 silly cache add   hosted:
38 silly cache add    { type: 'github',
38 silly cache add      ssh: 'git@github.com:davcs86/bpmn-js-properties-panel.git#dev',
38 silly cache add      sshUrl: 'git+ssh://git@github.com/davcs86/bpmn-js-properties-panel.git#dev',
38 silly cache add      httpsUrl: 'git+https://github.com/davcs86/bpmn-js-properties-panel.git#dev',
38 silly cache add      gitUrl: 'git://github.com/davcs86/bpmn-js-properties-panel.git#dev',
38 silly cache add      shortcut: 'github:davcs86/bpmn-js-properties-panel#dev',
38 silly cache add      directUrl: 'https://raw.githubusercontent.com/davcs86/bpmn-js-properties-panel/dev/package.json' } }
39 verbose addRemoteGit caching github:davcs86/bpmn-js-properties-panel#dev
40 verbose addRemoteGit davcs86/bpmn-js-properties-panel#dev is a repository hosted by github
41 silly tryGitProto attempting to clone git://github.com/davcs86/bpmn-js-properties-panel.git#dev
42 silly tryClone cloning davcs86/bpmn-js-properties-panel#dev via git://github.com/davcs86/bpmn-js-properties-panel.git#dev
43 verbose tryClone git-github-com-davcs86-bpmn-js-properties-panel-git-dev-83629fff not in flight; caching
44 verbose correctMkdir /root/.npm/_git-remotes correctMkdir already in flight; waiting
45 info git [ 'clone',
45 info git   '--template=/root/.npm/_git-remotes/_templates',
45 info git   '--mirror',
45 info git   'git://github.com/davcs86/bpmn-js.git',
45 info git   '/root/.npm/_git-remotes/git-github-com-davcs86-bpmn-js-git-i18n-local-2c09e1b7' ]
46 info git [ 'clone',
46 info git   '--template=/root/.npm/_git-remotes/_templates',
46 info git   '--mirror',
46 info git   'git://github.com/davcs86/bpmn-js-properties-panel.git',
46 info git   '/root/.npm/_git-remotes/git-github-com-davcs86-bpmn-js-properties-panel-git-dev-83629fff' ]
47 verbose request uri https://registry.npmjs.org/diagram-js
48 verbose request no auth needed
49 info attempt registry request try #1 at 22:15:34
50 verbose request id 3b0f6135c78dda17
51 verbose etag "ZFRKCKGKAC755NIKZ4JW3I46"
52 http request GET https://registry.npmjs.org/diagram-js
53 http 304 https://registry.npmjs.org/diagram-js
54 verbose headers { date: 'Tue, 01 Mar 2016 04:15:35 GMT',
54 verbose headers   via: '1.1 varnish',
54 verbose headers   'cache-control': 'max-age=300',
54 verbose headers   etag: '"ZFRKCKGKAC755NIKZ4JW3I46"',
54 verbose headers   age: '0',
54 verbose headers   connection: 'keep-alive',
54 verbose headers   'x-served-by': 'cache-lax1429-LAX',
54 verbose headers   'x-cache': 'MISS',
54 verbose headers   'x-cache-hits': '0',
54 verbose headers   'x-timer': 'S1456805735.361835,VS0,VE234',
54 verbose headers   vary: 'Accept' }
55 silly get cb [ 304,
55 silly get   { date: 'Tue, 01 Mar 2016 04:15:35 GMT',
55 silly get     via: '1.1 varnish',
55 silly get     'cache-control': 'max-age=300',
55 silly get     etag: '"ZFRKCKGKAC755NIKZ4JW3I46"',
55 silly get     age: '0',
55 silly get     connection: 'keep-alive',
55 silly get     'x-served-by': 'cache-lax1429-LAX',
55 silly get     'x-cache': 'MISS',
55 silly get     'x-cache-hits': '0',
55 silly get     'x-timer': 'S1456805735.361835,VS0,VE234',
55 silly get     vary: 'Accept' } ]
56 verbose etag https://registry.npmjs.org/diagram-js from cache
57 verbose get saving diagram-js to /root/.npm/registry.npmjs.org/diagram-js/.cache.json
58 verbose correctMkdir /root/.npm correctMkdir not in flight; initializing
59 silly resolveWithNewModule diagram-js@0.12.1 checking installable status
60 silly cache add args [ 'diagram-js@^0.12.0', null ]
61 verbose cache add spec diagram-js@^0.12.0
62 silly cache add parsed spec { raw: 'diagram-js@^0.12.0',
62 silly cache add   scope: null,
62 silly cache add   name: 'diagram-js',
62 silly cache add   rawSpec: '^0.12.0',
62 silly cache add   spec: '>=0.12.0 <0.13.0',
62 silly cache add   type: 'range' }
63 silly addNamed diagram-js@>=0.12.0 <0.13.0
64 verbose addNamed ">=0.12.0 <0.13.0" is a valid semver range for diagram-js
65 silly addNameRange { name: 'diagram-js', range: '>=0.12.0 <0.13.0', hasData: false }
66 silly mapToRegistry name diagram-js
67 silly mapToRegistry using default registry
68 silly mapToRegistry registry https://registry.npmjs.org/
69 silly mapToRegistry uri https://registry.npmjs.org/diagram-js
70 verbose addNameRange registry:https://registry.npmjs.org/diagram-js not in flight; fetching
71 verbose get https://registry.npmjs.org/diagram-js not expired, no request
72 silly addNameRange number 2 { name: 'diagram-js', range: '>=0.12.0 <0.13.0', hasData: true }
73 silly addNameRange versions [ 'diagram-js',
73 silly addNameRange   [ '0.0.1',
73 silly addNameRange     '0.0.2',
73 silly addNameRange     '0.0.3',
73 silly addNameRange     '0.1.0',
73 silly addNameRange     '0.2.0',
73 silly addNameRange     '0.3.0',
73 silly addNameRange     '0.4.0',
73 silly addNameRange     '0.5.0',
73 silly addNameRange     '0.5.1',
73 silly addNameRange     '0.5.2',
73 silly addNameRange     '0.6.0',
73 silly addNameRange     '0.7.0',
73 silly addNameRange     '0.8.0',
73 silly addNameRange     '0.8.1',
73 silly addNameRange     '0.9.0',
73 silly addNameRange     '0.9.1',
73 silly addNameRange     '0.9.2',
73 silly addNameRange     '0.10.0',
73 silly addNameRange     '0.10.1',
73 silly addNameRange     '0.10.2',
73 silly addNameRange     '0.11.0',
73 silly addNameRange     '0.12.0',
73 silly addNameRange     '0.12.1',
73 silly addNameRange     '0.13.0',
73 silly addNameRange     '0.13.1',
73 silly addNameRange     '0.13.2' ] ]
74 silly addNamed diagram-js@0.12.1
75 verbose addNamed "0.12.1" is a plain semver version for diagram-js
76 silly cache afterAdd diagram-js@0.12.1
77 verbose afterAdd /root/.npm/diagram-js/0.12.1/package/package.json not in flight; writing
78 verbose correctMkdir /root/.npm correctMkdir not in flight; initializing
79 verbose afterAdd /root/.npm/diagram-js/0.12.1/package/package.json written
80 verbose mirrorRemote davcs86/bpmn-js#i18n-local git clone git://github.com/davcs86/bpmn-js.git
81 verbose correctMkdir /root/.npm/_git-remotes correctMkdir not in flight; initializing
82 verbose setPermissions davcs86/bpmn-js#i18n-local set permissions on /root/.npm/_git-remotes/git-github-com-davcs86-bpmn-js-git-i18n-local-2c09e1b7
83 verbose resolveHead davcs86/bpmn-js#i18n-local original treeish: i18n-local
84 info git [ 'rev-list', '-n1', 'i18n-local' ]
85 error git rev-list -n1 i18n-local: fatal: ambiguous argument 'i18n-local': unknown revision or path not in the working tree.
85 error git rev-list -n1 i18n-local: Use '--' to separate paths from revisions, like this:
85 error git rev-list -n1 i18n-local: 'git <command> [<revision>...] -- [<file>...]'
86 silly tryHTTPS attempting to clone git+https://github.com/davcs86/bpmn-js.git#i18n-local
87 silly tryClone cloning davcs86/bpmn-js#i18n-local via git+https://github.com/davcs86/bpmn-js.git#i18n-local
88 verbose tryClone git-https-github-com-davcs86-bpmn-js-git-i18n-local-90227e61 not in flight; caching
89 verbose correctMkdir /root/.npm/_git-remotes correctMkdir not in flight; initializing
90 info git [ 'clone',
90 info git   '--template=/root/.npm/_git-remotes/_templates',
90 info git   '--mirror',
90 info git   'https://github.com/davcs86/bpmn-js.git',
90 info git   '/root/.npm/_git-remotes/git-https-github-com-davcs86-bpmn-js-git-i18n-local-90227e61' ]
91 verbose mirrorRemote davcs86/bpmn-js-properties-panel#dev git clone git://github.com/davcs86/bpmn-js-properties-panel.git
92 verbose correctMkdir /root/.npm/_git-remotes correctMkdir not in flight; initializing
93 verbose setPermissions davcs86/bpmn-js-properties-panel#dev set permissions on /root/.npm/_git-remotes/git-github-com-davcs86-bpmn-js-properties-panel-git-dev-83629fff
94 verbose resolveHead davcs86/bpmn-js-properties-panel#dev original treeish: dev
95 info git [ 'rev-list', '-n1', 'dev' ]
96 error git rev-list -n1 dev: fatal: ambiguous argument 'dev': unknown revision or path not in the working tree.
96 error git rev-list -n1 dev: Use '--' to separate paths from revisions, like this:
96 error git rev-list -n1 dev: 'git <command> [<revision>...] -- [<file>...]'
97 silly tryHTTPS attempting to clone git+https://github.com/davcs86/bpmn-js-properties-panel.git#dev
98 silly tryClone cloning davcs86/bpmn-js-properties-panel#dev via git+https://github.com/davcs86/bpmn-js-properties-panel.git#dev
99 verbose tryClone git-https-github-com-davcs86-bpmn-js-properties-panel-git-dev-0a9d15b6 not in flight; caching
100 verbose correctMkdir /root/.npm/_git-remotes correctMkdir not in flight; initializing
101 info git [ 'clone',
101 info git   '--template=/root/.npm/_git-remotes/_templates',
101 info git   '--mirror',
101 info git   'https://github.com/davcs86/bpmn-js-properties-panel.git',
101 info git   '/root/.npm/_git-remotes/git-https-github-com-davcs86-bpmn-js-properties-panel-git-dev-0a9d15b6' ]
102 verbose mirrorRemote davcs86/bpmn-js-properties-panel#dev git clone https://github.com/davcs86/bpmn-js-properties-panel.git
103 verbose correctMkdir /root/.npm/_git-remotes correctMkdir not in flight; initializing
104 verbose setPermissions davcs86/bpmn-js-properties-panel#dev set permissions on /root/.npm/_git-remotes/git-https-github-com-davcs86-bpmn-js-properties-panel-git-dev-0a9d15b6
105 verbose resolveHead davcs86/bpmn-js-properties-panel#dev original treeish: dev
106 info git [ 'rev-list', '-n1', 'dev' ]
107 error git rev-list -n1 dev: fatal: ambiguous argument 'dev': unknown revision or path not in the working tree.
107 error git rev-list -n1 dev: Use '--' to separate paths from revisions, like this:
107 error git rev-list -n1 dev: 'git <command> [<revision>...] -- [<file>...]'
108 silly trySSH attempting to clone git@github.com:davcs86/bpmn-js-properties-panel.git#dev
109 silly tryClone cloning davcs86/bpmn-js-properties-panel#dev via git@github.com:davcs86/bpmn-js-properties-panel.git#dev
110 verbose tryClone git-github-com-davcs86-bpmn-js-properties-panel-git-dev-c527df10 not in flight; caching
111 verbose correctMkdir /root/.npm/_git-remotes correctMkdir not in flight; initializing
112 info git [ 'clone',
112 info git   '--template=/root/.npm/_git-remotes/_templates',
112 info git   '--mirror',
112 info git   'git@github.com:davcs86/bpmn-js-properties-panel.git',
112 info git   '/root/.npm/_git-remotes/git-github-com-davcs86-bpmn-js-properties-panel-git-dev-c527df10' ]
113 error git clone --template=/root/.npm/_git-remotes/_templates --mirror git@github.com:davcs86/bpmn-js-properties-panel.git /root/.npm/_git-remotes/git-github-com-davcs86-bpmn-js-properties-panel-git-dev-c527df10: Cloning into bare repository '/root/.npm/_git-remotes/git-github-com-davcs86-bpmn-js-properties-panel-git-dev-c527df10'...
113 error git clone --template=/root/.npm/_git-remotes/_templates --mirror git@github.com:davcs86/bpmn-js-properties-panel.git /root/.npm/_git-remotes/git-github-com-davcs86-bpmn-js-properties-panel-git-dev-c527df10: Warning: Permanently added 'github.com,192.30.252.128' (RSA) to the list of known hosts.
113 error git clone --template=/root/.npm/_git-remotes/_templates --mirror git@github.com:davcs86/bpmn-js-properties-panel.git /root/.npm/_git-remotes/git-github-com-davcs86-bpmn-js-properties-panel-git-dev-c527df10: Permission denied (publickey).
113 error git clone --template=/root/.npm/_git-remotes/_templates --mirror git@github.com:davcs86/bpmn-js-properties-panel.git /root/.npm/_git-remotes/git-github-com-davcs86-bpmn-js-properties-panel-git-dev-c527df10: fatal: Could not read from remote repository.
113 error git clone --template=/root/.npm/_git-remotes/_templates --mirror git@github.com:davcs86/bpmn-js-properties-panel.git /root/.npm/_git-remotes/git-github-com-davcs86-bpmn-js-properties-panel-git-dev-c527df10:
113 error git clone --template=/root/.npm/_git-remotes/_templates --mirror git@github.com:davcs86/bpmn-js-properties-panel.git /root/.npm/_git-remotes/git-github-com-davcs86-bpmn-js-properties-panel-git-dev-c527df10: Please make sure you have the correct access rights
113 error git clone --template=/root/.npm/_git-remotes/_templates --mirror git@github.com:davcs86/bpmn-js-properties-panel.git /root/.npm/_git-remotes/git-github-com-davcs86-bpmn-js-properties-panel-git-dev-c527df10: and the repository exists.
114 silly fetchPackageMetaData Error: Command failed: git clone --template=/root/.npm/_git-remotes/_templates --mirror git@github.com:davcs86/bpmn-js-properties-panel.git /root/.npm/_git-remotes/git-github-com-davcs86-bpmn-js-properties-panel-git-dev-c527df10
114 silly fetchPackageMetaData Cloning into bare repository '/root/.npm/_git-remotes/git-github-com-davcs86-bpmn-js-properties-panel-git-dev-c527df10'...
114 silly fetchPackageMetaData Warning: Permanently added 'github.com,192.30.252.128' (RSA) to the list of known hosts.
114 silly fetchPackageMetaData Permission denied (publickey).
114 silly fetchPackageMetaData fatal: Could not read from remote repository.
114 silly fetchPackageMetaData
114 silly fetchPackageMetaData Please make sure you have the correct access rights
114 silly fetchPackageMetaData and the repository exists.
114 silly fetchPackageMetaData
114 silly fetchPackageMetaData     at ChildProcess.exithandler (child_process.js:751:12)
114 silly fetchPackageMetaData     at ChildProcess.emit (events.js:110:17)
114 silly fetchPackageMetaData     at maybeClose (child_process.js:1016:16)
114 silly fetchPackageMetaData     at Process.ChildProcess._handle.onexit (child_process.js:1088:5)
114 silly fetchPackageMetaData  error for bpmn-js-properties-panel@github:davcs86/bpmn-js-properties-panel#dev { [Error: Command failed: git clone --template=/root/.npm/_git-remotes/_templates --mirror git@github.com:davcs86/bpmn-js-properties-panel.git /root/.npm/_git-remotes/git-github-com-davcs86-bpmn-js-properties-panel-git-dev-c527df10
114 silly fetchPackageMetaData Cloning into bare repository '/root/.npm/_git-remotes/git-github-com-davcs86-bpmn-js-properties-panel-git-dev-c527df10'...
114 silly fetchPackageMetaData Warning: Permanently added 'github.com,192.30.252.128' (RSA) to the list of known hosts.
114 silly fetchPackageMetaData Permission denied (publickey).
114 silly fetchPackageMetaData fatal: Could not read from remote repository.
114 silly fetchPackageMetaData
114 silly fetchPackageMetaData Please make sure you have the correct access rights
114 silly fetchPackageMetaData and the repository exists.
114 silly fetchPackageMetaData ]
114 silly fetchPackageMetaData   killed: false,
114 silly fetchPackageMetaData   code: 128,
114 silly fetchPackageMetaData   signal: null,
114 silly fetchPackageMetaData   cmd: 'git clone --template=/root/.npm/_git-remotes/_templates --mirror git@github.com:davcs86/bpmn-js-properties-panel.git /root/.npm/_git-remotes/git-github-com-davcs86-bpmn-js-properties-panel-git-dev-c527df10' }
115 verbose mirrorRemote davcs86/bpmn-js#i18n-local git clone https://github.com/davcs86/bpmn-js.git
116 verbose correctMkdir /root/.npm/_git-remotes correctMkdir not in flight; initializing
117 verbose setPermissions davcs86/bpmn-js#i18n-local set permissions on /root/.npm/_git-remotes/git-https-github-com-davcs86-bpmn-js-git-i18n-local-90227e61
118 verbose resolveHead davcs86/bpmn-js#i18n-local original treeish: i18n-local
119 info git [ 'rev-list', '-n1', 'i18n-local' ]
120 error git rev-list -n1 i18n-local: fatal: ambiguous argument 'i18n-local': unknown revision or path not in the working tree.
120 error git rev-list -n1 i18n-local: Use '--' to separate paths from revisions, like this:
120 error git rev-list -n1 i18n-local: 'git <command> [<revision>...] -- [<file>...]'
121 silly trySSH attempting to clone git@github.com:davcs86/bpmn-js.git#i18n-local
122 silly tryClone cloning davcs86/bpmn-js#i18n-local via git@github.com:davcs86/bpmn-js.git#i18n-local
123 verbose tryClone git-github-com-davcs86-bpmn-js-git-i18n-local-63a6fdd6 not in flight; caching
124 verbose correctMkdir /root/.npm/_git-remotes correctMkdir not in flight; initializing
125 info git [ 'clone',
125 info git   '--template=/root/.npm/_git-remotes/_templates',
125 info git   '--mirror',
125 info git   'git@github.com:davcs86/bpmn-js.git',
125 info git   '/root/.npm/_git-remotes/git-github-com-davcs86-bpmn-js-git-i18n-local-63a6fdd6' ]
126 error git clone --template=/root/.npm/_git-remotes/_templates --mirror git@github.com:davcs86/bpmn-js.git /root/.npm/_git-remotes/git-github-com-davcs86-bpmn-js-git-i18n-local-63a6fdd6: Cloning into bare repository '/root/.npm/_git-remotes/git-github-com-davcs86-bpmn-js-git-i18n-local-63a6fdd6'...
126 error git clone --template=/root/.npm/_git-remotes/_templates --mirror git@github.com:davcs86/bpmn-js.git /root/.npm/_git-remotes/git-github-com-davcs86-bpmn-js-git-i18n-local-63a6fdd6: Warning: Permanently added the RSA host key for IP address '192.30.252.130' to the list of known hosts.
126 error git clone --template=/root/.npm/_git-remotes/_templates --mirror git@github.com:davcs86/bpmn-js.git /root/.npm/_git-remotes/git-github-com-davcs86-bpmn-js-git-i18n-local-63a6fdd6: Permission denied (publickey).
126 error git clone --template=/root/.npm/_git-remotes/_templates --mirror git@github.com:davcs86/bpmn-js.git /root/.npm/_git-remotes/git-github-com-davcs86-bpmn-js-git-i18n-local-63a6fdd6: fatal: Could not read from remote repository.
126 error git clone --template=/root/.npm/_git-remotes/_templates --mirror git@github.com:davcs86/bpmn-js.git /root/.npm/_git-remotes/git-github-com-davcs86-bpmn-js-git-i18n-local-63a6fdd6:
126 error git clone --template=/root/.npm/_git-remotes/_templates --mirror git@github.com:davcs86/bpmn-js.git /root/.npm/_git-remotes/git-github-com-davcs86-bpmn-js-git-i18n-local-63a6fdd6: Please make sure you have the correct access rights
126 error git clone --template=/root/.npm/_git-remotes/_templates --mirror git@github.com:davcs86/bpmn-js.git /root/.npm/_git-remotes/git-github-com-davcs86-bpmn-js-git-i18n-local-63a6fdd6: and the repository exists.
127 silly fetchPackageMetaData Error: Command failed: git clone --template=/root/.npm/_git-remotes/_templates --mirror git@github.com:davcs86/bpmn-js.git /root/.npm/_git-remotes/git-github-com-davcs86-bpmn-js-git-i18n-local-63a6fdd6
127 silly fetchPackageMetaData Cloning into bare repository '/root/.npm/_git-remotes/git-github-com-davcs86-bpmn-js-git-i18n-local-63a6fdd6'...
127 silly fetchPackageMetaData Warning: Permanently added the RSA host key for IP address '192.30.252.130' to the list of known hosts.
127 silly fetchPackageMetaData Permission denied (publickey).
127 silly fetchPackageMetaData fatal: Could not read from remote repository.
127 silly fetchPackageMetaData
127 silly fetchPackageMetaData Please make sure you have the correct access rights
127 silly fetchPackageMetaData and the repository exists.
127 silly fetchPackageMetaData
127 silly fetchPackageMetaData     at ChildProcess.exithandler (child_process.js:751:12)
127 silly fetchPackageMetaData     at ChildProcess.emit (events.js:110:17)
127 silly fetchPackageMetaData     at maybeClose (child_process.js:1016:16)
127 silly fetchPackageMetaData     at Process.ChildProcess._handle.onexit (child_process.js:1088:5)
127 silly fetchPackageMetaData  error for bpmn-js@github:davcs86/bpmn-js#i18n-local { [Error: Command failed: git clone --template=/root/.npm/_git-remotes/_templates --mirror git@github.com:davcs86/bpmn-js.git /root/.npm/_git-remotes/git-github-com-davcs86-bpmn-js-git-i18n-local-63a6fdd6
127 silly fetchPackageMetaData Cloning into bare repository '/root/.npm/_git-remotes/git-github-com-davcs86-bpmn-js-git-i18n-local-63a6fdd6'...
127 silly fetchPackageMetaData Warning: Permanently added the RSA host key for IP address '192.30.252.130' to the list of known hosts.
127 silly fetchPackageMetaData Permission denied (publickey).
127 silly fetchPackageMetaData fatal: Could not read from remote repository.
127 silly fetchPackageMetaData
127 silly fetchPackageMetaData Please make sure you have the correct access rights
127 silly fetchPackageMetaData and the repository exists.
127 silly fetchPackageMetaData ]
127 silly fetchPackageMetaData   killed: false,
127 silly fetchPackageMetaData   code: 128,
127 silly fetchPackageMetaData   signal: null,
127 silly fetchPackageMetaData   cmd: 'git clone --template=/root/.npm/_git-remotes/_templates --mirror git@github.com:davcs86/bpmn-js.git /root/.npm/_git-remotes/git-github-com-davcs86-bpmn-js-git-i18n-local-63a6fdd6' }
128 silly rollbackFailedOptional Starting
129 silly rollbackFailedOptional Finishing
130 silly runTopLevelLifecycles Starting
131 silly runTopLevelLifecycles Finishing
132 silly install printInstalled
133 verbose stack Error: Command failed: git clone --template=/root/.npm/_git-remotes/_templates --mirror git@github.com:davcs86/bpmn-js-properties-panel.git /root/.npm/_git-remotes/git-github-com-davcs86-bpmn-js-properties-panel-git-dev-c527df10
133 verbose stack Cloning into bare repository '/root/.npm/_git-remotes/git-github-com-davcs86-bpmn-js-properties-panel-git-dev-c527df10'...
133 verbose stack Warning: Permanently added 'github.com,192.30.252.128' (RSA) to the list of known hosts.
133 verbose stack Permission denied (publickey).
133 verbose stack fatal: Could not read from remote repository.
133 verbose stack
133 verbose stack Please make sure you have the correct access rights
133 verbose stack and the repository exists.
133 verbose stack
133 verbose stack     at ChildProcess.exithandler (child_process.js:751:12)
133 verbose stack     at ChildProcess.emit (events.js:110:17)
133 verbose stack     at maybeClose (child_process.js:1016:16)
133 verbose stack     at Process.ChildProcess._handle.onexit (child_process.js:1088:5)
134 verbose cwd /var/www/nodejs/bpmnjs/bpmn-js-custom-implementation
135 error Linux 3.16.0-4-amd64
136 error argv "node" "/usr/bin/npm" "install"
137 error node v0.12.9
138 error npm  v3.7.3
139 error code 128
140 error Command failed: git clone --template=/root/.npm/_git-remotes/_templates --mirror git@github.com:davcs86/bpmn-js-properties-panel.git /root/.npm/_git-remotes/git-github-com-davcs86-bpmn-js-properties-panel-git-dev-c527df10
140 error Cloning into bare repository '/root/.npm/_git-remotes/git-github-com-davcs86-bpmn-js-properties-panel-git-dev-c527df10'...
140 error Warning: Permanently added 'github.com,192.30.252.128' (RSA) to the list of known hosts.
140 error Permission denied (publickey).
140 error fatal: Could not read from remote repository.
140 error
140 error Please make sure you have the correct access rights
140 error and the repository exists.
141 error If you need help, you may report this error at:
141 error     <https://github.com/npm/npm/issues>
142 verbose exit [ 1, true ]
